2021-10-29 10:05:25.657  INFO 12900 --- [main] tn.esprit.spring.EmployeServiceImplTest  : Starting EmployeServiceImplTest on DESKTOP-O9H55EA with PID 12900 (started by Haytham in C:\Users\Admin\Desktop\Devops)
2021-10-29 10:05:25.663  INFO 12900 --- [main] tn.esprit.spring.EmployeServiceImplTest  : No active profile set, falling back to default profiles: default
2021-10-29 10:05:26.303  INFO 12900 --- [main] .s.d.r.c.RepositoryConfigurationDelegate : Bootstrapping Spring Data repositories in DEFAULT mode.
2021-10-29 10:05:26.400  INFO 12900 --- [main] .s.d.r.c.RepositoryConfigurationDelegate : Finished Spring Data repository scanning in 88ms. Found 6 repository interfaces.
2021-10-29 10:05:26.850  INFO 12900 --- [main] trationDelegate$BeanPostProcessorChecker : Bean 'org.springframework.transaction.annotation.ProxyTransactionManagementConfiguration' of type [org.springframework.transaction.annotation.ProxyTransactionManagementConfiguration$$EnhancerBySpringCGLIB$$1a2029c4] is not eligible for getting processed by all BeanPostProcessors (for example: not eligible for auto-proxying)
2021-10-29 10:05:27.211  INFO 12900 --- [main] com.zaxxer.hikari.HikariDataSource       : HikariPool-1 - Starting...
2021-10-29 10:05:27.433  INFO 12900 --- [main] com.zaxxer.hikari.HikariDataSource       : HikariPool-1 - Start completed.
2021-10-29 10:05:27.514  INFO 12900 --- [main] o.hibernate.jpa.internal.util.LogHelper  : HHH000204: Processing PersistenceUnitInfo [
	name: default
	...]
2021-10-29 10:05:27.607  INFO 12900 --- [main] org.hibernate.Version                    : HHH000412: Hibernate Core {5.3.9.Final}
2021-10-29 10:05:27.609  INFO 12900 --- [main] org.hibernate.cfg.Environment            : HHH000206: hibernate.properties not found
2021-10-29 10:05:27.793  INFO 12900 --- [main] o.hibernate.annotations.common.Version   : HCANN000001: Hibernate Commons Annotations {5.0.4.Final}
2021-10-29 10:05:28.117  INFO 12900 --- [main] org.hibernate.dialect.Dialect            : HHH000400: Using dialect: org.hibernate.dialect.MySQL5Dialect
2021-10-29 10:05:29.448  INFO 12900 --- [main] j.LocalContainerEntityManagerFactoryBean : Initialized JPA EntityManagerFactory for persistence unit 'default'
2021-10-29 10:05:29.988  INFO 12900 --- [main] o.h.h.i.QueryTranslatorFactoryInitiator  : HHH000397: Using ASTQueryTranslatorFactory
2021-10-29 10:05:32.343  INFO 12900 --- [main] o.s.s.concurrent.ThreadPoolTaskExecutor  : Initializing ExecutorService 'applicationTaskExecutor'
2021-10-29 10:05:32.469  WARN 12900 --- [main] aWebConfiguration$JpaWebMvcConfiguration : spring.jpa.open-in-view is enabled by default. Therefore, database queries may be performed during view rendering. Explicitly configure spring.jpa.open-in-view to disable this warning
2021-10-29 10:05:34.889  INFO 12900 --- [main] tn.esprit.spring.EmployeServiceImplTest  : Started EmployeServiceImplTest in 9.524 seconds (JVM running for 10.305)
2021-10-29 10:05:35.132  INFO 12900 --- [main] tn.esprit.spring.config.LoggingAspect    : In method getAllEmployes : 
2021-10-29 10:05:35.374  INFO 12900 --- [main] tn.esprit.spring.config.LoggingAspect    : Method execution time: 245 milliseconds.
2021-10-29 10:05:35.374  INFO 12900 --- [main] tn.esprit.spring.config.LoggingAspect    : Out of method without errors :getAllEmployes
2021-10-29 10:05:35.598  INFO 12900 --- [main] tn.esprit.spring.config.LoggingAspect    : In method ajouterEmploye : 
2021-10-29 10:05:35.735  INFO 12900 --- [main] tn.esprit.spring.config.LoggingAspect    : Method execution time: 137 milliseconds.
2021-10-29 10:05:35.735  INFO 12900 --- [main] tn.esprit.spring.config.LoggingAspect    : Out of method without errors :ajouterEmploye
2021-10-29 10:05:35.741  INFO 12900 --- [main] tn.esprit.spring.config.LoggingAspect    : In method getNombreEmployeJPQL : 
2021-10-29 10:05:35.783  INFO 12900 --- [main] tn.esprit.spring.config.LoggingAspect    : Method execution time: 42 milliseconds.
2021-10-29 10:05:35.783  INFO 12900 --- [main] tn.esprit.spring.config.LoggingAspect    : Out of method without errors :getNombreEmployeJPQL
2021-10-29 10:05:35.885  INFO 12900 --- [Thread-2] o.s.s.concurrent.ThreadPoolTaskExecutor  : Shutting down ExecutorService 'applicationTaskExecutor'
2021-10-29 10:05:35.893  INFO 12900 --- [Thread-2] j.LocalContainerEntityManagerFactoryBean : Closing JPA EntityManagerFactory for persistence unit 'default'
2021-10-29 10:05:35.899  INFO 12900 --- [Thread-2] com.zaxxer.hikari.HikariDataSource       : HikariPool-1 - Shutdown initiated...
2021-10-29 10:05:35.906  INFO 12900 --- [Thread-2] com.zaxxer.hikari.HikariDataSource       : HikariPool-1 - Shutdown completed.
2021-10-29 10:21:03.173  INFO 16076 --- [main] tn.esprit.spring.EmployeServiceImplTest  : Starting EmployeServiceImplTest on DESKTOP-O9H55EA with PID 16076 (started by Haytham in C:\Users\Admin\Desktop\Devops)
2021-10-29 10:21:03.175  INFO 16076 --- [main] tn.esprit.spring.EmployeServiceImplTest  : No active profile set, falling back to default profiles: default
2021-10-29 10:21:03.894  INFO 16076 --- [main] .s.d.r.c.RepositoryConfigurationDelegate : Bootstrapping Spring Data repositories in DEFAULT mode.
2021-10-29 10:21:04.026  INFO 16076 --- [main] .s.d.r.c.RepositoryConfigurationDelegate : Finished Spring Data repository scanning in 119ms. Found 6 repository interfaces.
2021-10-29 10:21:04.525  INFO 16076 --- [main] trationDelegate$BeanPostProcessorChecker : Bean 'org.springframework.transaction.annotation.ProxyTransactionManagementConfiguration' of type [org.springframework.transaction.annotation.ProxyTransactionManagementConfiguration$$EnhancerBySpringCGLIB$$1b6e273b] is not eligible for getting processed by all BeanPostProcessors (for example: not eligible for auto-proxying)
2021-10-29 10:21:04.965  INFO 16076 --- [main] com.zaxxer.hikari.HikariDataSource       : HikariPool-1 - Starting...
2021-10-29 10:21:05.213  INFO 16076 --- [main] com.zaxxer.hikari.HikariDataSource       : HikariPool-1 - Start completed.
2021-10-29 10:21:05.334  INFO 16076 --- [main] o.hibernate.jpa.internal.util.LogHelper  : HHH000204: Processing PersistenceUnitInfo [
	name: default
	...]
2021-10-29 10:21:05.482  INFO 16076 --- [main] org.hibernate.Version                    : HHH000412: Hibernate Core {5.3.9.Final}
2021-10-29 10:21:05.485  INFO 16076 --- [main] org.hibernate.cfg.Environment            : HHH000206: hibernate.properties not found
2021-10-29 10:21:05.660  INFO 16076 --- [main] o.hibernate.annotations.common.Version   : HCANN000001: Hibernate Commons Annotations {5.0.4.Final}
2021-10-29 10:21:06.040  INFO 16076 --- [main] org.hibernate.dialect.Dialect            : HHH000400: Using dialect: org.hibernate.dialect.MySQL5Dialect
2021-10-29 10:21:07.187  INFO 16076 --- [main] j.LocalContainerEntityManagerFactoryBean : Initialized JPA EntityManagerFactory for persistence unit 'default'
2021-10-29 10:21:07.721  INFO 16076 --- [main] o.h.h.i.QueryTranslatorFactoryInitiator  : HHH000397: Using ASTQueryTranslatorFactory
2021-10-29 10:21:09.303  INFO 16076 --- [main] o.s.s.concurrent.ThreadPoolTaskExecutor  : Initializing ExecutorService 'applicationTaskExecutor'
2021-10-29 10:21:09.398  WARN 16076 --- [main] aWebConfiguration$JpaWebMvcConfiguration : spring.jpa.open-in-view is enabled by default. Therefore, database queries may be performed during view rendering. Explicitly configure spring.jpa.open-in-view to disable this warning
2021-10-29 10:21:10.420  INFO 16076 --- [main] tn.esprit.spring.EmployeServiceImplTest  : Started EmployeServiceImplTest in 7.584 seconds (JVM running for 8.443)
2021-10-29 10:21:10.580  INFO 16076 --- [main] tn.esprit.spring.config.LoggingAspect    : In method getAllEmployes : 
2021-10-29 10:21:10.846  INFO 16076 --- [main] tn.esprit.spring.config.LoggingAspect    : Method execution time: 271 milliseconds.
2021-10-29 10:21:10.846  INFO 16076 --- [main] tn.esprit.spring.config.LoggingAspect    : Out of method without errors :getAllEmployes
2021-10-29 10:21:10.993  INFO 16076 --- [main] tn.esprit.spring.config.LoggingAspect    : In method ajouterEmploye : 
2021-10-29 10:21:11.033  INFO 16076 --- [main] tn.esprit.spring.config.LoggingAspect    : Method execution time: 40 milliseconds.
2021-10-29 10:21:11.034  INFO 16076 --- [main] tn.esprit.spring.config.LoggingAspect    : Out of method without errors :ajouterEmploye
2021-10-29 10:21:11.037  INFO 16076 --- [main] tn.esprit.spring.config.LoggingAspect    : In method getNombreEmployeJPQL : 
2021-10-29 10:21:11.080  INFO 16076 --- [main] tn.esprit.spring.config.LoggingAspect    : Method execution time: 43 milliseconds.
2021-10-29 10:21:11.080  INFO 16076 --- [main] tn.esprit.spring.config.LoggingAspect    : Out of method without errors :getNombreEmployeJPQL
2021-10-29 10:21:11.106  INFO 16076 --- [Thread-2] o.s.s.concurrent.ThreadPoolTaskExecutor  : Shutting down ExecutorService 'applicationTaskExecutor'
2021-10-29 10:21:11.111  INFO 16076 --- [Thread-2] j.LocalContainerEntityManagerFactoryBean : Closing JPA EntityManagerFactory for persistence unit 'default'
2021-10-29 10:21:11.114  INFO 16076 --- [Thread-2] com.zaxxer.hikari.HikariDataSource       : HikariPool-1 - Shutdown initiated...
2021-10-29 10:21:11.134  INFO 16076 --- [Thread-2] com.zaxxer.hikari.HikariDataSource       : HikariPool-1 - Shutdown completed.
2021-10-29 10:24:25.569  INFO 11928 --- [main] tn.esprit.spring.EmployeServiceImplTest  : Starting EmployeServiceImplTest on DESKTOP-O9H55EA with PID 11928 (started by Haytham in C:\Users\Admin\Desktop\Devops)
2021-10-29 10:24:25.571  INFO 11928 --- [main] tn.esprit.spring.EmployeServiceImplTest  : No active profile set, falling back to default profiles: default
2021-10-29 10:24:26.375  INFO 11928 --- [main] .s.d.r.c.RepositoryConfigurationDelegate : Bootstrapping Spring Data repositories in DEFAULT mode.
2021-10-29 10:24:26.517  INFO 11928 --- [main] .s.d.r.c.RepositoryConfigurationDelegate : Finished Spring Data repository scanning in 130ms. Found 6 repository interfaces.
2021-10-29 10:24:27.041  INFO 11928 --- [main] trationDelegate$BeanPostProcessorChecker : Bean 'org.springframework.transaction.annotation.ProxyTransactionManagementConfiguration' of type [org.springframework.transaction.annotation.ProxyTransactionManagementConfiguration$$EnhancerBySpringCGLIB$$1b6e273b] is not eligible for getting processed by all BeanPostProcessors (for example: not eligible for auto-proxying)
2021-10-29 10:24:27.585  INFO 11928 --- [main] com.zaxxer.hikari.HikariDataSource       : HikariPool-1 - Starting...
2021-10-29 10:24:27.888  INFO 11928 --- [main] com.zaxxer.hikari.HikariDataSource       : HikariPool-1 - Start completed.
2021-10-29 10:24:28.049  INFO 11928 --- [main] o.hibernate.jpa.internal.util.LogHelper  : HHH000204: Processing PersistenceUnitInfo [
	name: default
	...]
2021-10-29 10:24:28.139  INFO 11928 --- [main] org.hibernate.Version                    : HHH000412: Hibernate Core {5.3.9.Final}
2021-10-29 10:24:28.144  INFO 11928 --- [main] org.hibernate.cfg.Environment            : HHH000206: hibernate.properties not found
2021-10-29 10:24:28.382  INFO 11928 --- [main] o.hibernate.annotations.common.Version   : HCANN000001: Hibernate Commons Annotations {5.0.4.Final}
2021-10-29 10:24:28.910  INFO 11928 --- [main] org.hibernate.dialect.Dialect            : HHH000400: Using dialect: org.hibernate.dialect.MySQL5Dialect
2021-10-29 10:24:30.811  INFO 11928 --- [main] j.LocalContainerEntityManagerFactoryBean : Initialized JPA EntityManagerFactory for persistence unit 'default'
2021-10-29 10:24:31.789  INFO 11928 --- [main] o.h.h.i.QueryTranslatorFactoryInitiator  : HHH000397: Using ASTQueryTranslatorFactory
2021-10-29 10:24:35.742  INFO 11928 --- [main] o.s.s.concurrent.ThreadPoolTaskExecutor  : Initializing ExecutorService 'applicationTaskExecutor'
2021-10-29 10:24:35.918  WARN 11928 --- [main] aWebConfiguration$JpaWebMvcConfiguration : spring.jpa.open-in-view is enabled by default. Therefore, database queries may be performed during view rendering. Explicitly configure spring.jpa.open-in-view to disable this warning
2021-10-29 10:24:36.824  INFO 11928 --- [main] tn.esprit.spring.EmployeServiceImplTest  : Started EmployeServiceImplTest in 11.652 seconds (JVM running for 12.67)
2021-10-29 10:24:37.015  INFO 11928 --- [main] tn.esprit.spring.config.LoggingAspect    : In method getAllEmployes : 
2021-10-29 10:24:37.261  INFO 11928 --- [main] tn.esprit.spring.config.LoggingAspect    : Method execution time: 249 milliseconds.
2021-10-29 10:24:37.261  INFO 11928 --- [main] tn.esprit.spring.config.LoggingAspect    : Out of method without errors :getAllEmployes
2021-10-29 10:24:37.393  INFO 11928 --- [main] tn.esprit.spring.config.LoggingAspect    : In method ajouterEmploye : 
2021-10-29 10:24:37.436  INFO 11928 --- [main] tn.esprit.spring.config.LoggingAspect    : Method execution time: 43 milliseconds.
2021-10-29 10:24:37.438  INFO 11928 --- [main] tn.esprit.spring.config.LoggingAspect    : Out of method without errors :ajouterEmploye
2021-10-29 10:24:37.440  INFO 11928 --- [main] tn.esprit.spring.config.LoggingAspect    : In method getNombreEmployeJPQL : 
2021-10-29 10:24:37.479  INFO 11928 --- [main] tn.esprit.spring.config.LoggingAspect    : Method execution time: 39 milliseconds.
2021-10-29 10:24:37.479  INFO 11928 --- [main] tn.esprit.spring.config.LoggingAspect    : Out of method without errors :getNombreEmployeJPQL
2021-10-29 10:24:37.537  INFO 11928 --- [Thread-2] o.s.s.concurrent.ThreadPoolTaskExecutor  : Shutting down ExecutorService 'applicationTaskExecutor'
2021-10-29 10:24:37.541  INFO 11928 --- [Thread-2] j.LocalContainerEntityManagerFactoryBean : Closing JPA EntityManagerFactory for persistence unit 'default'
2021-10-29 10:24:37.544  INFO 11928 --- [Thread-2] com.zaxxer.hikari.HikariDataSource       : HikariPool-1 - Shutdown initiated...
2021-10-29 10:24:37.551  INFO 11928 --- [Thread-2] com.zaxxer.hikari.HikariDataSource       : HikariPool-1 - Shutdown completed.
2021-10-29 10:55:55.541  INFO 3600 --- [main] tn.esprit.spring.EmployeServiceImplTest  : Starting EmployeServiceImplTest on DESKTOP-O9H55EA with PID 3600 (started by Haytham in C:\Users\Admin\Desktop\Devops)
2021-10-29 10:55:55.543  INFO 3600 --- [main] tn.esprit.spring.EmployeServiceImplTest  : No active profile set, falling back to default profiles: default
2021-10-29 10:55:56.883  INFO 3600 --- [main] .s.d.r.c.RepositoryConfigurationDelegate : Bootstrapping Spring Data repositories in DEFAULT mode.
2021-10-29 10:55:57.047  INFO 3600 --- [main] .s.d.r.c.RepositoryConfigurationDelegate : Finished Spring Data repository scanning in 144ms. Found 6 repository interfaces.
2021-10-29 10:55:57.865  INFO 3600 --- [main] trationDelegate$BeanPostProcessorChecker : Bean 'org.springframework.transaction.annotation.ProxyTransactionManagementConfiguration' of type [org.springframework.transaction.annotation.ProxyTransactionManagementConfiguration$$EnhancerBySpringCGLIB$$5bb3b963] is not eligible for getting processed by all BeanPostProcessors (for example: not eligible for auto-proxying)
2021-10-29 10:55:58.884  INFO 3600 --- [main] com.zaxxer.hikari.HikariDataSource       : HikariPool-1 - Starting...
2021-10-29 10:55:59.182  INFO 3600 --- [main] com.zaxxer.hikari.HikariDataSource       : HikariPool-1 - Start completed.
2021-10-29 10:55:59.352  INFO 3600 --- [main] o.hibernate.jpa.internal.util.LogHelper  : HHH000204: Processing PersistenceUnitInfo [
	name: default
	...]
2021-10-29 10:55:59.521  INFO 3600 --- [main] org.hibernate.Version                    : HHH000412: Hibernate Core {5.3.9.Final}
2021-10-29 10:55:59.525  INFO 3600 --- [main] org.hibernate.cfg.Environment            : HHH000206: hibernate.properties not found
2021-10-29 10:55:59.845  INFO 3600 --- [main] o.hibernate.annotations.common.Version   : HCANN000001: Hibernate Commons Annotations {5.0.4.Final}
2021-10-29 10:56:00.375  INFO 3600 --- [main] org.hibernate.dialect.Dialect            : HHH000400: Using dialect: org.hibernate.dialect.MySQL5Dialect
2021-10-29 10:56:02.383  INFO 3600 --- [main] j.LocalContainerEntityManagerFactoryBean : Initialized JPA EntityManagerFactory for persistence unit 'default'
2021-10-29 10:56:03.339  INFO 3600 --- [main] o.h.h.i.QueryTranslatorFactoryInitiator  : HHH000397: Using ASTQueryTranslatorFactory
2021-10-29 10:56:05.464  INFO 3600 --- [main] o.s.s.concurrent.ThreadPoolTaskExecutor  : Initializing ExecutorService 'applicationTaskExecutor'
2021-10-29 10:56:05.572  WARN 3600 --- [main] aWebConfiguration$JpaWebMvcConfiguration : spring.jpa.open-in-view is enabled by default. Therefore, database queries may be performed during view rendering. Explicitly configure spring.jpa.open-in-view to disable this warning
2021-10-29 10:56:06.238  INFO 3600 --- [main] tn.esprit.spring.EmployeServiceImplTest  : Started EmployeServiceImplTest in 11.21 seconds (JVM running for 13.048)
2021-10-29 10:56:06.381  INFO 3600 --- [main] tn.esprit.spring.config.LoggingAspect    : In method getAllEmployes : 
2021-10-29 10:56:06.630  INFO 3600 --- [main] tn.esprit.spring.config.LoggingAspect    : Method execution time: 253 milliseconds.
2021-10-29 10:56:06.630  INFO 3600 --- [main] tn.esprit.spring.config.LoggingAspect    : Out of method without errors :getAllEmployes
2021-10-29 10:56:06.763  INFO 3600 --- [main] tn.esprit.spring.config.LoggingAspect    : In method ajouterEmploye : 
2021-10-29 10:56:06.805  INFO 3600 --- [main] tn.esprit.spring.config.LoggingAspect    : Method execution time: 42 milliseconds.
2021-10-29 10:56:06.805  INFO 3600 --- [main] tn.esprit.spring.config.LoggingAspect    : Out of method without errors :ajouterEmploye
2021-10-29 10:56:06.809  INFO 3600 --- [main] tn.esprit.spring.config.LoggingAspect    : In method getNombreEmployeJPQL : 
2021-10-29 10:56:06.839  INFO 3600 --- [main] tn.esprit.spring.config.LoggingAspect    : Method execution time: 30 milliseconds.
2021-10-29 10:56:06.840  INFO 3600 --- [main] tn.esprit.spring.config.LoggingAspect    : Out of method without errors :getNombreEmployeJPQL
2021-10-29 10:56:07.306  INFO 3600 --- [Thread-4] o.s.s.concurrent.ThreadPoolTaskExecutor  : Shutting down ExecutorService 'applicationTaskExecutor'
2021-10-29 10:56:07.309  INFO 3600 --- [Thread-4] j.LocalContainerEntityManagerFactoryBean : Closing JPA EntityManagerFactory for persistence unit 'default'
2021-10-29 10:56:07.312  INFO 3600 --- [Thread-4] com.zaxxer.hikari.HikariDataSource       : HikariPool-1 - Shutdown initiated...
2021-10-29 10:56:07.321  INFO 3600 --- [Thread-4] com.zaxxer.hikari.HikariDataSource       : HikariPool-1 - Shutdown completed.
2021-10-29 10:56:44.388  INFO 12420 --- [main] tn.esprit.spring.EmployeServiceImplTest  : Starting EmployeServiceImplTest on DESKTOP-O9H55EA with PID 12420 (started by Haytham in C:\Users\Admin\Desktop\Devops)
2021-10-29 10:56:44.390  INFO 12420 --- [main] tn.esprit.spring.EmployeServiceImplTest  : No active profile set, falling back to default profiles: default
2021-10-29 10:56:45.431  INFO 12420 --- [main] .s.d.r.c.RepositoryConfigurationDelegate : Bootstrapping Spring Data repositories in DEFAULT mode.
2021-10-29 10:56:45.569  INFO 12420 --- [main] .s.d.r.c.RepositoryConfigurationDelegate : Finished Spring Data repository scanning in 126ms. Found 6 repository interfaces.
2021-10-29 10:56:46.274  INFO 12420 --- [main] trationDelegate$BeanPostProcessorChecker : Bean 'org.springframework.transaction.annotation.ProxyTransactionManagementConfiguration' of type [org.springframework.transaction.annotation.ProxyTransactionManagementConfiguration$$EnhancerBySpringCGLIB$$f349602a] is not eligible for getting processed by all BeanPostProcessors (for example: not eligible for auto-proxying)
2021-10-29 10:56:47.046  INFO 12420 --- [main] com.zaxxer.hikari.HikariDataSource       : HikariPool-1 - Starting...
2021-10-29 10:56:47.347  INFO 12420 --- [main] com.zaxxer.hikari.HikariDataSource       : HikariPool-1 - Start completed.
2021-10-29 10:56:47.476  INFO 12420 --- [main] o.hibernate.jpa.internal.util.LogHelper  : HHH000204: Processing PersistenceUnitInfo [
	name: default
	...]
2021-10-29 10:56:47.630  INFO 12420 --- [main] org.hibernate.Version                    : HHH000412: Hibernate Core {5.3.9.Final}
2021-10-29 10:56:47.633  INFO 12420 --- [main] org.hibernate.cfg.Environment            : HHH000206: hibernate.properties not found
2021-10-29 10:56:47.886  INFO 12420 --- [main] o.hibernate.annotations.common.Version   : HCANN000001: Hibernate Commons Annotations {5.0.4.Final}
2021-10-29 10:56:48.321  INFO 12420 --- [main] org.hibernate.dialect.Dialect            : HHH000400: Using dialect: org.hibernate.dialect.MySQL5Dialect
2021-10-29 10:56:50.066  INFO 12420 --- [main] j.LocalContainerEntityManagerFactoryBean : Initialized JPA EntityManagerFactory for persistence unit 'default'
2021-10-29 10:56:50.850  INFO 12420 --- [main] o.h.h.i.QueryTranslatorFactoryInitiator  : HHH000397: Using ASTQueryTranslatorFactory
2021-10-29 10:56:52.574  INFO 12420 --- [main] o.s.s.concurrent.ThreadPoolTaskExecutor  : Initializing ExecutorService 'applicationTaskExecutor'
2021-10-29 10:56:52.679  WARN 12420 --- [main] aWebConfiguration$JpaWebMvcConfiguration : spring.jpa.open-in-view is enabled by default. Therefore, database queries may be performed during view rendering. Explicitly configure spring.jpa.open-in-view to disable this warning
2021-10-29 10:56:53.288  INFO 12420 --- [main] tn.esprit.spring.EmployeServiceImplTest  : Started EmployeServiceImplTest in 9.392 seconds (JVM running for 10.925)
2021-10-29 10:56:53.409  INFO 12420 --- [main] tn.esprit.spring.config.LoggingAspect    : In method getAllEmployes : 
2021-10-29 10:56:53.705  INFO 12420 --- [main] tn.esprit.spring.config.LoggingAspect    : Method execution time: 299 milliseconds.
2021-10-29 10:56:53.706  INFO 12420 --- [main] tn.esprit.spring.config.LoggingAspect    : Out of method without errors :getAllEmployes
2021-10-29 10:56:53.833  INFO 12420 --- [main] tn.esprit.spring.config.LoggingAspect    : In method ajouterEmploye : 
2021-10-29 10:56:53.875  INFO 12420 --- [main] tn.esprit.spring.config.LoggingAspect    : Method execution time: 43 milliseconds.
2021-10-29 10:56:53.875  INFO 12420 --- [main] tn.esprit.spring.config.LoggingAspect    : Out of method without errors :ajouterEmploye
2021-10-29 10:56:53.880  INFO 12420 --- [main] tn.esprit.spring.config.LoggingAspect    : In method getNombreEmployeJPQL : 
2021-10-29 10:56:53.912  INFO 12420 --- [main] tn.esprit.spring.config.LoggingAspect    : Method execution time: 32 milliseconds.
2021-10-29 10:56:53.912  INFO 12420 --- [main] tn.esprit.spring.config.LoggingAspect    : Out of method without errors :getNombreEmployeJPQL
2021-10-29 10:56:54.378  INFO 12420 --- [Thread-4] o.s.s.concurrent.ThreadPoolTaskExecutor  : Shutting down ExecutorService 'applicationTaskExecutor'
2021-10-29 10:56:54.389  INFO 12420 --- [Thread-4] j.LocalContainerEntityManagerFactoryBean : Closing JPA EntityManagerFactory for persistence unit 'default'
2021-10-29 10:56:54.394  INFO 12420 --- [Thread-4] com.zaxxer.hikari.HikariDataSource       : HikariPool-1 - Shutdown initiated...
2021-10-29 10:56:54.404  INFO 12420 --- [Thread-4] com.zaxxer.hikari.HikariDataSource       : HikariPool-1 - Shutdown completed.
2021-10-29 10:57:24.037  INFO 1284 --- [main] tn.esprit.spring.EmployeServiceImplTest  : Starting EmployeServiceImplTest on DESKTOP-O9H55EA with PID 1284 (started by Haytham in C:\Users\Admin\Desktop\Devops)
2021-10-29 10:57:24.039  INFO 1284 --- [main] tn.esprit.spring.EmployeServiceImplTest  : No active profile set, falling back to default profiles: default
2021-10-29 10:57:25.023  INFO 1284 --- [main] .s.d.r.c.RepositoryConfigurationDelegate : Bootstrapping Spring Data repositories in DEFAULT mode.
2021-10-29 10:57:25.158  INFO 1284 --- [main] .s.d.r.c.RepositoryConfigurationDelegate : Finished Spring Data repository scanning in 123ms. Found 6 repository interfaces.
2021-10-29 10:57:25.620  INFO 1284 --- [main] trationDelegate$BeanPostProcessorChecker : Bean 'org.springframework.transaction.annotation.ProxyTransactionManagementConfiguration' of type [org.springframework.transaction.annotation.ProxyTransactionManagementConfiguration$$EnhancerBySpringCGLIB$$1b6e273b] is not eligible for getting processed by all BeanPostProcessors (for example: not eligible for auto-proxying)
2021-10-29 10:57:26.064  INFO 1284 --- [main] com.zaxxer.hikari.HikariDataSource       : HikariPool-1 - Starting...
2021-10-29 10:57:26.324  INFO 1284 --- [main] com.zaxxer.hikari.HikariDataSource       : HikariPool-1 - Start completed.
2021-10-29 10:57:26.410  INFO 1284 --- [main] o.hibernate.jpa.internal.util.LogHelper  : HHH000204: Processing PersistenceUnitInfo [
	name: default
	...]
2021-10-29 10:57:26.493  INFO 1284 --- [main] org.hibernate.Version                    : HHH000412: Hibernate Core {5.3.9.Final}
2021-10-29 10:57:26.495  INFO 1284 --- [main] org.hibernate.cfg.Environment            : HHH000206: hibernate.properties not found
2021-10-29 10:57:26.684  INFO 1284 --- [main] o.hibernate.annotations.common.Version   : HCANN000001: Hibernate Commons Annotations {5.0.4.Final}
2021-10-29 10:57:27.061  INFO 1284 --- [main] org.hibernate.dialect.Dialect            : HHH000400: Using dialect: org.hibernate.dialect.MySQL5Dialect
2021-10-29 10:57:28.167  INFO 1284 --- [main] j.LocalContainerEntityManagerFactoryBean : Initialized JPA EntityManagerFactory for persistence unit 'default'
2021-10-29 10:57:28.814  INFO 1284 --- [main] o.h.h.i.QueryTranslatorFactoryInitiator  : HHH000397: Using ASTQueryTranslatorFactory
2021-10-29 10:57:31.688  INFO 1284 --- [main] o.s.s.concurrent.ThreadPoolTaskExecutor  : Initializing ExecutorService 'applicationTaskExecutor'
2021-10-29 10:57:31.888  WARN 1284 --- [main] aWebConfiguration$JpaWebMvcConfiguration : spring.jpa.open-in-view is enabled by default. Therefore, database queries may be performed during view rendering. Explicitly configure spring.jpa.open-in-view to disable this warning
2021-10-29 10:57:33.027  INFO 1284 --- [main] tn.esprit.spring.EmployeServiceImplTest  : Started EmployeServiceImplTest in 9.308 seconds (JVM running for 10.239)
2021-10-29 10:57:33.178  INFO 1284 --- [main] tn.esprit.spring.config.LoggingAspect    : In method getAllEmployes : 
2021-10-29 10:57:33.498  INFO 1284 --- [main] tn.esprit.spring.config.LoggingAspect    : Method execution time: 323 milliseconds.
2021-10-29 10:57:33.499  INFO 1284 --- [main] tn.esprit.spring.config.LoggingAspect    : Out of method without errors :getAllEmployes
2021-10-29 10:57:33.600  INFO 1284 --- [main] tn.esprit.spring.config.LoggingAspect    : In method ajouterEmploye : 
2021-10-29 10:57:33.639  INFO 1284 --- [main] tn.esprit.spring.config.LoggingAspect    : Method execution time: 40 milliseconds.
2021-10-29 10:57:33.640  INFO 1284 --- [main] tn.esprit.spring.config.LoggingAspect    : Out of method without errors :ajouterEmploye
2021-10-29 10:57:33.644  INFO 1284 --- [main] tn.esprit.spring.config.LoggingAspect    : In method getNombreEmployeJPQL : 
2021-10-29 10:57:33.687  INFO 1284 --- [main] tn.esprit.spring.config.LoggingAspect    : Method execution time: 43 milliseconds.
2021-10-29 10:57:33.687  INFO 1284 --- [main] tn.esprit.spring.config.LoggingAspect    : Out of method without errors :getNombreEmployeJPQL
2021-10-29 10:57:33.713  INFO 1284 --- [Thread-2] o.s.s.concurrent.ThreadPoolTaskExecutor  : Shutting down ExecutorService 'applicationTaskExecutor'
2021-10-29 10:57:33.717  INFO 1284 --- [Thread-2] j.LocalContainerEntityManagerFactoryBean : Closing JPA EntityManagerFactory for persistence unit 'default'
2021-10-29 10:57:33.720  INFO 1284 --- [Thread-2] com.zaxxer.hikari.HikariDataSource       : HikariPool-1 - Shutdown initiated...
2021-10-29 10:57:33.740  INFO 1284 --- [Thread-2] com.zaxxer.hikari.HikariDataSource       : HikariPool-1 - Shutdown completed.
2021-10-29 10:58:37.676  INFO 21872 --- [main] tn.esprit.spring.EmployeServiceImplTest  : Starting EmployeServiceImplTest on DESKTOP-O9H55EA with PID 21872 (started by Haytham in C:\Users\Admin\Desktop\Devops)
2021-10-29 10:58:37.678  INFO 21872 --- [main] tn.esprit.spring.EmployeServiceImplTest  : No active profile set, falling back to default profiles: default
2021-10-29 10:58:38.441  INFO 21872 --- [main] .s.d.r.c.RepositoryConfigurationDelegate : Bootstrapping Spring Data repositories in DEFAULT mode.
2021-10-29 10:58:38.554  INFO 21872 --- [main] .s.d.r.c.RepositoryConfigurationDelegate : Finished Spring Data repository scanning in 102ms. Found 6 repository interfaces.
2021-10-29 10:58:39.052  INFO 21872 --- [main] trationDelegate$BeanPostProcessorChecker : Bean 'org.springframework.transaction.annotation.ProxyTransactionManagementConfiguration' of type [org.springframework.transaction.annotation.ProxyTransactionManagementConfiguration$$EnhancerBySpringCGLIB$$1b6e273b] is not eligible for getting processed by all BeanPostProcessors (for example: not eligible for auto-proxying)
2021-10-29 10:58:39.486  INFO 21872 --- [main] com.zaxxer.hikari.HikariDataSource       : HikariPool-1 - Starting...
2021-10-29 10:58:39.744  INFO 21872 --- [main] com.zaxxer.hikari.HikariDataSource       : HikariPool-1 - Start completed.
2021-10-29 10:58:39.827  INFO 21872 --- [main] o.hibernate.jpa.internal.util.LogHelper  : HHH000204: Processing PersistenceUnitInfo [
	name: default
	...]
2021-10-29 10:58:39.913  INFO 21872 --- [main] org.hibernate.Version                    : HHH000412: Hibernate Core {5.3.9.Final}
2021-10-29 10:58:39.915  INFO 21872 --- [main] org.hibernate.cfg.Environment            : HHH000206: hibernate.properties not found
2021-10-29 10:58:40.098  INFO 21872 --- [main] o.hibernate.annotations.common.Version   : HCANN000001: Hibernate Commons Annotations {5.0.4.Final}
2021-10-29 10:58:40.506  INFO 21872 --- [main] org.hibernate.dialect.Dialect            : HHH000400: Using dialect: org.hibernate.dialect.MySQL5Dialect
2021-10-29 10:58:41.750  INFO 21872 --- [main] j.LocalContainerEntityManagerFactoryBean : Initialized JPA EntityManagerFactory for persistence unit 'default'
2021-10-29 10:58:42.330  INFO 21872 --- [main] o.h.h.i.QueryTranslatorFactoryInitiator  : HHH000397: Using ASTQueryTranslatorFactory
2021-10-29 10:58:43.997  INFO 21872 --- [main] o.s.s.concurrent.ThreadPoolTaskExecutor  : Initializing ExecutorService 'applicationTaskExecutor'
2021-10-29 10:58:44.086  WARN 21872 --- [main] aWebConfiguration$JpaWebMvcConfiguration : spring.jpa.open-in-view is enabled by default. Therefore, database queries may be performed during view rendering. Explicitly configure spring.jpa.open-in-view to disable this warning
2021-10-29 10:58:44.934  INFO 21872 --- [main] tn.esprit.spring.EmployeServiceImplTest  : Started EmployeServiceImplTest in 7.573 seconds (JVM running for 8.453)
2021-10-29 10:58:45.090  INFO 21872 --- [main] tn.esprit.spring.config.LoggingAspect    : In method getAllEmployes : 
2021-10-29 10:58:45.430  INFO 21872 --- [main] tn.esprit.spring.config.LoggingAspect    : Method execution time: 345 milliseconds.
2021-10-29 10:58:45.431  INFO 21872 --- [main] tn.esprit.spring.config.LoggingAspect    : Out of method without errors :getAllEmployes
2021-10-29 10:58:45.600  INFO 21872 --- [main] tn.esprit.spring.config.LoggingAspect    : In method ajouterEmploye : 
2021-10-29 10:58:45.663  INFO 21872 --- [main] tn.esprit.spring.config.LoggingAspect    : Method execution time: 64 milliseconds.
2021-10-29 10:58:45.663  INFO 21872 --- [main] tn.esprit.spring.config.LoggingAspect    : Out of method without errors :ajouterEmploye
2021-10-29 10:58:45.670  INFO 21872 --- [main] tn.esprit.spring.config.LoggingAspect    : In method getNombreEmployeJPQL : 
2021-10-29 10:58:45.746  INFO 21872 --- [main] tn.esprit.spring.config.LoggingAspect    : Method execution time: 76 milliseconds.
2021-10-29 10:58:45.746  INFO 21872 --- [main] tn.esprit.spring.config.LoggingAspect    : Out of method without errors :getNombreEmployeJPQL
2021-10-29 10:58:45.792  INFO 21872 --- [Thread-2] o.s.s.concurrent.ThreadPoolTaskExecutor  : Shutting down ExecutorService 'applicationTaskExecutor'
2021-10-29 10:58:45.797  INFO 21872 --- [Thread-2] j.LocalContainerEntityManagerFactoryBean : Closing JPA EntityManagerFactory for persistence unit 'default'
2021-10-29 10:58:45.801  INFO 21872 --- [Thread-2] com.zaxxer.hikari.HikariDataSource       : HikariPool-1 - Shutdown initiated...
2021-10-29 10:58:45.807  INFO 21872 --- [Thread-2] com.zaxxer.hikari.HikariDataSource       : HikariPool-1 - Shutdown completed.
2021-10-29 11:24:52.528  INFO 23968 --- [main] tn.esprit.spring.EmployeServiceImplTest  : Starting EmployeServiceImplTest on DESKTOP-O9H55EA with PID 23968 (started by Haytham in C:\Users\Admin\Desktop\Devops)
2021-10-29 11:24:52.530  INFO 23968 --- [main] tn.esprit.spring.EmployeServiceImplTest  : No active profile set, falling back to default profiles: default
2021-10-29 11:24:53.566  INFO 23968 --- [main] .s.d.r.c.RepositoryConfigurationDelegate : Bootstrapping Spring Data repositories in DEFAULT mode.
2021-10-29 11:24:53.708  INFO 23968 --- [main] .s.d.r.c.RepositoryConfigurationDelegate : Finished Spring Data repository scanning in 123ms. Found 6 repository interfaces.
2021-10-29 11:24:54.306  INFO 23968 --- [main] trationDelegate$BeanPostProcessorChecker : Bean 'org.springframework.transaction.annotation.ProxyTransactionManagementConfiguration' of type [org.springframework.transaction.annotation.ProxyTransactionManagementConfiguration$$EnhancerBySpringCGLIB$$a1c2a09a] is not eligible for getting processed by all BeanPostProcessors (for example: not eligible for auto-proxying)
2021-10-29 11:24:55.015  INFO 23968 --- [main] com.zaxxer.hikari.HikariDataSource       : HikariPool-1 - Starting...
2021-10-29 11:24:55.288  INFO 23968 --- [main] com.zaxxer.hikari.HikariDataSource       : HikariPool-1 - Start completed.
2021-10-29 11:24:55.425  INFO 23968 --- [main] o.hibernate.jpa.internal.util.LogHelper  : HHH000204: Processing PersistenceUnitInfo [
	name: default
	...]
2021-10-29 11:24:55.571  INFO 23968 --- [main] org.hibernate.Version                    : HHH000412: Hibernate Core {5.3.9.Final}
2021-10-29 11:24:55.575  INFO 23968 --- [main] org.hibernate.cfg.Environment            : HHH000206: hibernate.properties not found
2021-10-29 11:24:55.822  INFO 23968 --- [main] o.hibernate.annotations.common.Version   : HCANN000001: Hibernate Commons Annotations {5.0.4.Final}
2021-10-29 11:24:56.257  INFO 23968 --- [main] org.hibernate.dialect.Dialect            : HHH000400: Using dialect: org.hibernate.dialect.MySQL5Dialect
2021-10-29 11:24:58.046  INFO 23968 --- [main] j.LocalContainerEntityManagerFactoryBean : Initialized JPA EntityManagerFactory for persistence unit 'default'
2021-10-29 11:24:58.748  INFO 23968 --- [main] o.h.h.i.QueryTranslatorFactoryInitiator  : HHH000397: Using ASTQueryTranslatorFactory
2021-10-29 11:25:00.417  INFO 23968 --- [main] o.s.s.concurrent.ThreadPoolTaskExecutor  : Initializing ExecutorService 'applicationTaskExecutor'
2021-10-29 11:25:00.528  WARN 23968 --- [main] aWebConfiguration$JpaWebMvcConfiguration : spring.jpa.open-in-view is enabled by default. Therefore, database queries may be performed during view rendering. Explicitly configure spring.jpa.open-in-view to disable this warning
2021-10-29 11:25:01.211  INFO 23968 --- [main] tn.esprit.spring.EmployeServiceImplTest  : Started EmployeServiceImplTest in 9.147 seconds (JVM running for 10.592)
2021-10-29 11:25:01.318  INFO 23968 --- [main] tn.esprit.spring.config.LoggingAspect    : In method getAllEmployes : 
2021-10-29 11:25:01.561  INFO 23968 --- [main] tn.esprit.spring.config.LoggingAspect    : Method execution time: 245 milliseconds.
2021-10-29 11:25:01.562  INFO 23968 --- [main] tn.esprit.spring.config.LoggingAspect    : Out of method without errors :getAllEmployes
2021-10-29 11:25:01.677  INFO 23968 --- [main] tn.esprit.spring.config.LoggingAspect    : In method ajouterEmploye : 
2021-10-29 11:25:01.718  INFO 23968 --- [main] tn.esprit.spring.config.LoggingAspect    : Method execution time: 41 milliseconds.
2021-10-29 11:25:01.719  INFO 23968 --- [main] tn.esprit.spring.config.LoggingAspect    : Out of method without errors :ajouterEmploye
2021-10-29 11:25:01.722  INFO 23968 --- [main] tn.esprit.spring.config.LoggingAspect    : In method getNombreEmployeJPQL : 
2021-10-29 11:25:01.753  INFO 23968 --- [main] tn.esprit.spring.config.LoggingAspect    : Method execution time: 31 milliseconds.
2021-10-29 11:25:01.753  INFO 23968 --- [main] tn.esprit.spring.config.LoggingAspect    : Out of method without errors :getNombreEmployeJPQL
2021-10-29 11:25:02.251  INFO 23968 --- [Thread-4] o.s.s.concurrent.ThreadPoolTaskExecutor  : Shutting down ExecutorService 'applicationTaskExecutor'
2021-10-29 11:25:02.254  INFO 23968 --- [Thread-4] j.LocalContainerEntityManagerFactoryBean : Closing JPA EntityManagerFactory for persistence unit 'default'
2021-10-29 11:25:02.258  INFO 23968 --- [Thread-4] com.zaxxer.hikari.HikariDataSource       : HikariPool-1 - Shutdown initiated...
2021-10-29 11:25:02.263  INFO 23968 --- [Thread-4] com.zaxxer.hikari.HikariDataSource       : HikariPool-1 - Shutdown completed.
